<?xml version="1.0" encoding="UTF-8"?>
<!-- Generated by org.testng.reporters.JUnitReportReporter -->
<testsuite hostname="sgoveas-OSX" failures="0" tests="2" name="TestCases.TC01_UserRegsitration" time="3.901" errors="0" timestamp="2023-09-21T15:29:04 IST" skipped="0">
  <testcase classname="TestCases.TC01_UserRegsitration" name="test_login" time="1.850"/>
  <testcase classname="TestCases.TC01_UserRegsitration" name="test_login" time="2.051"/>
</testsuite> <!-- TestCases.TC01_UserRegsitration -->
